colorgenerator/build/intermediates/manifest_merge_blame_file/debug/manifest-merger-blame-debug-report.txt
1<?xml version="1.0" encoding="utf-8"?>
2<manifest xmlns:android="http://schemas.android.com/apk/res/android"
3    package="com.apphud.sampleapp"
4    android:versionCode="2"
5    android:versionName="1.0" >
6
7    <uses-sdk
8        android:minSdkVersion="26"
8-->src/main/AndroidManifest.xml
9        android:targetSdkVersion="34" />
9-->src/main/AndroidManifest.xml
10
11    <queries>
11-->[com.facebook.android:facebook-common:17.0.0] AndroidManifest.xml:17:5-19:15
12        <package android:name="com.facebook.katana" />
12-->[com.facebook.android:facebook-common:17.0.0] AndroidManifest.xml:18:9-55
12-->[com.facebook.android:facebook-common:17.0.0] AndroidManifest.xml:18:18-52
13
14        <intent>
14-->[com.android.billingclient:billing:6.2.0] AndroidManifest.xml:13:9-15:18
15            <action android:name="com.android.vending.billing.InAppBillingService.BIND" />
15-->[com.android.billingclient:billing:6.2.0] AndroidManifest.xml:14:13-91
15-->[com.android.billingclient:billing:6.2.0] AndroidManifest.xml:14:21-88
16        </intent>
17    </queries>
18
19    <uses-permission android:name="android.permission.INTERNET" />
19-->[com.apphud:ApphudSDK-Android:2.5.0] AndroidManifest.xml:7:5-67
19-->[com.apphud:ApphudSDK-Android:2.5.0] AndroidManifest.xml:7:22-64
20    <uses-permission android:name="android.permission.ACCESS_NETWORK_STATE" />
20-->[com.apphud:ApphudSDK-Android:2.5.0] AndroidManifest.xml:8:5-79
20-->[com.apphud:ApphudSDK-Android:2.5.0] AndroidManifest.xml:8:22-76
21    <uses-permission android:name="com.android.vending.BILLING" />
21-->[com.android.billingclient:billing:6.2.0] AndroidManifest.xml:10:5-67
21-->[com.android.billingclient:billing:6.2.0] AndroidManifest.xml:10:22-64
22    <uses-permission android:name="com.google.android.gms.permission.AD_ID" />
22-->[com.facebook.android:facebook-core:17.0.0] AndroidManifest.xml:16:5-79
22-->[com.facebook.android:facebook-core:17.0.0] AndroidManifest.xml:16:22-76
23
24    <permission
24-->[androidx.core:core:1.12.0] AndroidManifest.xml:22:5-24:47
25        android:name="com.apphud.sampleapp.DYNAMIC_RECEIVER_NOT_EXPORTED_PERMISSION"
25-->[androidx.core:core:1.12.0] AndroidManifest.xml:23:9-81
26        android:protectionLevel="signature" />
26-->[androidx.core:core:1.12.0] AndroidManifest.xml:24:9-44
27
28    <uses-permission android:name="com.apphud.sampleapp.DYNAMIC_RECEIVER_NOT_EXPORTED_PERMISSION" />
28-->[androidx.core:core:1.12.0] AndroidManifest.xml:26:5-97
28-->[androidx.core:core:1.12.0] AndroidManifest.xml:26:22-94
29    <uses-permission android:name="com.google.android.finsky.permission.BIND_GET_INSTALL_REFERRER_SERVICE" />
29-->[com.android.installreferrer:installreferrer:2.2] AndroidManifest.xml:9:5-110
29-->[com.android.installreferrer:installreferrer:2.2] AndroidManifest.xml:9:22-107
30
31    <application
31-->src/main/AndroidManifest.xml:4:5-50:19
32        android:name="com.apphud.sampleapp.ColorGeneratorApplication"
32-->src/main/AndroidManifest.xml:5:9-50
33        android:allowBackup="true"
33-->src/main/AndroidManifest.xml:6:9-35
34        android:appComponentFactory="androidx.core.app.CoreComponentFactory"
34-->[androidx.core:core:1.12.0] AndroidManifest.xml:28:18-86
35        android:debuggable="true"
36        android:extractNativeLibs="false"
37        android:fullBackupContent="@xml/appsflyer_backup_rules"
37-->[com.appsflyer:af-android-sdk:6.3.2] AndroidManifest.xml:16:18-73
38        android:icon="@mipmap/ic_launcher"
38-->src/main/AndroidManifest.xml:7:9-43
39        android:label="@string/app_name"
39-->src/main/AndroidManifest.xml:8:9-41
40        android:roundIcon="@mipmap/ic_launcher_round"
40-->src/main/AndroidManifest.xml:9:9-54
41        android:supportsRtl="true"
41-->src/main/AndroidManifest.xml:10:9-35
42        android:testOnly="true"
43        android:theme="@style/Theme.App.Starting" >
43-->src/main/AndroidManifest.xml:11:9-50
44        <activity
44-->src/main/AndroidManifest.xml:12:9-21:20
45            android:name="com.apphud.sampleapp.SplashActivity"
45-->src/main/AndroidManifest.xml:13:13-43
46            android:exported="true"
46-->src/main/AndroidManifest.xml:14:13-36
47            android:theme="@style/Theme.App.Starting" >
47-->src/main/AndroidManifest.xml:15:13-54
48            <intent-filter>
48-->src/main/AndroidManifest.xml:16:13-20:29
49                <action android:name="android.intent.action.MAIN" />
49-->src/main/AndroidManifest.xml:17:17-69
49-->src/main/AndroidManifest.xml:17:25-66
50
51                <category android:name="android.intent.category.LAUNCHER" />
51-->src/main/AndroidManifest.xml:19:17-77
51-->src/main/AndroidManifest.xml:19:27-74
52            </intent-filter>
53        </activity>
54        <activity
54-->src/main/AndroidManifest.xml:22:9-25:51
55            android:name="com.apphud.sampleapp.OnboardingActivity"
55-->src/main/AndroidManifest.xml:23:13-47
56            android:exported="false"
56-->src/main/AndroidManifest.xml:24:13-37
57            android:theme="@style/Theme.Apphud" />
57-->src/main/AndroidManifest.xml:25:13-48
58        <activity
58-->src/main/AndroidManifest.xml:26:9-29:56
59            android:name="com.apphud.sampleapp.MainActivity"
59-->src/main/AndroidManifest.xml:27:13-41
60            android:exported="false"
60-->src/main/AndroidManifest.xml:28:13-37
61            android:theme="@style/Theme.Apphud.Main" />
61-->src/main/AndroidManifest.xml:29:13-53
62        <activity
62-->src/main/AndroidManifest.xml:30:9-33:55
63            android:name="com.apphud.sampleapp.ui.paywall.PaywallActivity"
63-->src/main/AndroidManifest.xml:31:13-55
64            android:exported="false"
64-->src/main/AndroidManifest.xml:32:13-37
65            android:theme="@style/Theme.Apphud.Main" />
65-->src/main/AndroidManifest.xml:33:13-53
66
67        <meta-data
67-->src/main/AndroidManifest.xml:35:9-37:55
68            android:name="com.facebook.sdk.ApplicationId"
68-->src/main/AndroidManifest.xml:36:13-58
69            android:value="@string/facebook_app_id" /> <!-- Facebook init -->
69-->src/main/AndroidManifest.xml:37:13-52
70        <meta-data
70-->src/main/AndroidManifest.xml:38:9-40:61
71            android:name="com.facebook.sdk.ClientToken"
71-->src/main/AndroidManifest.xml:39:13-56
72            android:value="@string/facebook_client_token" /> <!-- Branch init -->
72-->src/main/AndroidManifest.xml:40:13-58
73        <meta-data
73-->src/main/AndroidManifest.xml:41:9-43:73
74            android:name="io.branch.sdk.BranchKey"
74-->src/main/AndroidManifest.xml:42:13-51
75            android:value="key_test_pf8A6wRjWrKDk9HpsJwaYdoiBEj3GLyZ" />
75-->src/main/AndroidManifest.xml:43:13-70
76        <meta-data
76-->src/main/AndroidManifest.xml:44:9-46:73
77            android:name="io.branch.sdk.BranchKey.test"
77-->src/main/AndroidManifest.xml:45:13-56
78            android:value="key_live_gp5F8BKiYzTFo6RhuHAg1jbhwujXTLzV" />
78-->src/main/AndroidManifest.xml:46:13-70
79        <meta-data
79-->src/main/AndroidManifest.xml:47:9-49:36
80            android:name="io.branch.sdk.TestMode"
80-->src/main/AndroidManifest.xml:48:13-50
81            android:value="true" />
81-->src/main/AndroidManifest.xml:49:13-33
82
83        <activity
83-->[com.facebook.android:facebook-common:17.0.0] AndroidManifest.xml:22:9-25:66
84            android:name="com.facebook.FacebookActivity"
84-->[com.facebook.android:facebook-common:17.0.0] AndroidManifest.xml:23:13-57
85            android:configChanges="keyboard|keyboardHidden|screenLayout|screenSize|orientation"
85-->[com.facebook.android:facebook-common:17.0.0] AndroidManifest.xml:24:13-96
86            android:theme="@style/com_facebook_activity_theme" />
86-->[com.facebook.android:facebook-common:17.0.0] AndroidManifest.xml:25:13-63
87        <activity android:name="com.facebook.CustomTabMainActivity" />
87-->[com.facebook.android:facebook-common:17.0.0] AndroidManifest.xml:26:9-71
87-->[com.facebook.android:facebook-common:17.0.0] AndroidManifest.xml:26:19-68
88        <activity
88-->[com.facebook.android:facebook-common:17.0.0] AndroidManifest.xml:27:9-41:20
89            android:name="com.facebook.CustomTabActivity"
89-->[com.facebook.android:facebook-common:17.0.0] AndroidManifest.xml:28:13-58
90            android:exported="true" >
90-->[com.facebook.android:facebook-common:17.0.0] AndroidManifest.xml:29:13-36
91            <intent-filter>
91-->[com.facebook.android:facebook-common:17.0.0] AndroidManifest.xml:31:13-40:29
92                <action android:name="android.intent.action.VIEW" />
92-->[com.facebook.android:facebook-common:17.0.0] AndroidManifest.xml:32:17-69
92-->[com.facebook.android:facebook-common:17.0.0] AndroidManifest.xml:32:25-66
93
94                <category android:name="android.intent.category.DEFAULT" />
94-->[com.facebook.android:facebook-common:17.0.0] AndroidManifest.xml:34:17-76
94-->[com.facebook.android:facebook-common:17.0.0] AndroidManifest.xml:34:27-73
95                <category android:name="android.intent.category.BROWSABLE" />
95-->[com.facebook.android:facebook-common:17.0.0] AndroidManifest.xml:35:17-78
95-->[com.facebook.android:facebook-common:17.0.0] AndroidManifest.xml:35:27-75
96
97                <data
97-->[com.facebook.android:facebook-common:17.0.0] AndroidManifest.xml:37:17-39:50
98                    android:host="cct.com.apphud.sampleapp"
98-->[com.facebook.android:facebook-common:17.0.0] AndroidManifest.xml:38:21-56
99                    android:scheme="fbconnect" />
99-->[com.facebook.android:facebook-common:17.0.0] AndroidManifest.xml:39:21-47
100            </intent-filter>
101        </activity>
102
103        <meta-data
103-->[com.android.billingclient:billing:6.2.0] AndroidManifest.xml:19:9-21:37
104            android:name="com.google.android.play.billingclient.version"
104-->[com.android.billingclient:billing:6.2.0] AndroidManifest.xml:20:13-73
105            android:value="6.2.0" />
105-->[com.android.billingclient:billing:6.2.0] AndroidManifest.xml:21:13-34
106
107        <activity
107-->[com.android.billingclient:billing:6.2.0] AndroidManifest.xml:23:9-27:75
108            android:name="com.android.billingclient.api.ProxyBillingActivity"
108-->[com.android.billingclient:billing:6.2.0] AndroidManifest.xml:24:13-78
109            android:configChanges="keyboard|keyboardHidden|screenLayout|screenSize|orientation"
109-->[com.android.billingclient:billing:6.2.0] AndroidManifest.xml:25:13-96
110            android:exported="false"
110-->[com.android.billingclient:billing:6.2.0] AndroidManifest.xml:26:13-37
111            android:theme="@android:style/Theme.Translucent.NoTitleBar" />
111-->[com.android.billingclient:billing:6.2.0] AndroidManifest.xml:27:13-72
112        <activity
112-->[com.google.android.gms:play-services-base:18.3.0] AndroidManifest.xml:20:9-22:45
113            android:name="com.google.android.gms.common.api.GoogleApiActivity"
113-->[com.google.android.gms:play-services-base:18.3.0] AndroidManifest.xml:20:19-85
114            android:exported="false"
114-->[com.google.android.gms:play-services-base:18.3.0] AndroidManifest.xml:22:19-43
115            android:theme="@android:style/Theme.Translucent.NoTitleBar" />
115-->[com.google.android.gms:play-services-base:18.3.0] AndroidManifest.xml:21:19-78
116
117        <meta-data
117-->[com.google.android.gms:play-services-basement:18.3.0] AndroidManifest.xml:21:9-23:69
118            android:name="com.google.android.gms.version"
118-->[com.google.android.gms:play-services-basement:18.3.0] AndroidManifest.xml:22:13-58
119            android:value="@integer/google_play_services_version" />
119-->[com.google.android.gms:play-services-basement:18.3.0] AndroidManifest.xml:23:13-66
120        <!--
121         The initialization ContentProvider will call FacebookSdk.sdkInitialize automatically
122         with the application context. This config is merged in with the host app's manifest,
123         but there can only be one provider with the same authority activated at any given
124         point; so if the end user has two or more different apps that use Facebook SDK, only the
125         first one will be able to use the provider. To work around this problem, we use the
126         following placeholder in the authority to identify each host application as if it was
127         a completely different provider.
128        -->
129        <provider
129-->[com.facebook.android:facebook-core:17.0.0] AndroidManifest.xml:29:9-32:40
130            android:name="com.facebook.internal.FacebookInitProvider"
130-->[com.facebook.android:facebook-core:17.0.0] AndroidManifest.xml:30:13-70
131            android:authorities="com.apphud.sampleapp.FacebookInitProvider"
131-->[com.facebook.android:facebook-core:17.0.0] AndroidManifest.xml:31:13-72
132            android:exported="false" />
132-->[com.facebook.android:facebook-core:17.0.0] AndroidManifest.xml:32:13-37
133
134        <receiver
134-->[com.facebook.android:facebook-core:17.0.0] AndroidManifest.xml:34:9-40:20
135            android:name="com.facebook.CurrentAccessTokenExpirationBroadcastReceiver"
135-->[com.facebook.android:facebook-core:17.0.0] AndroidManifest.xml:35:13-86
136            android:exported="false" >
136-->[com.facebook.android:facebook-core:17.0.0] AndroidManifest.xml:36:13-37
137            <intent-filter>
137-->[com.facebook.android:facebook-core:17.0.0] AndroidManifest.xml:37:13-39:29
138                <action android:name="com.facebook.sdk.ACTION_CURRENT_ACCESS_TOKEN_CHANGED" />
138-->[com.facebook.android:facebook-core:17.0.0] AndroidManifest.xml:38:17-95
138-->[com.facebook.android:facebook-core:17.0.0] AndroidManifest.xml:38:25-92
139            </intent-filter>
140        </receiver>
141        <receiver
141-->[com.facebook.android:facebook-core:17.0.0] AndroidManifest.xml:41:9-47:20
142            android:name="com.facebook.AuthenticationTokenManager$CurrentAuthenticationTokenChangedBroadcastReceiver"
142-->[com.facebook.android:facebook-core:17.0.0] AndroidManifest.xml:42:13-118
143            android:exported="false" >
143-->[com.facebook.android:facebook-core:17.0.0] AndroidManifest.xml:43:13-37
144            <intent-filter>
144-->[com.facebook.android:facebook-core:17.0.0] AndroidManifest.xml:44:13-46:29
145                <action android:name="com.facebook.sdk.ACTION_CURRENT_AUTHENTICATION_TOKEN_CHANGED" />
145-->[com.facebook.android:facebook-core:17.0.0] AndroidManifest.xml:45:17-103
145-->[com.facebook.android:facebook-core:17.0.0] AndroidManifest.xml:45:25-100
146            </intent-filter>
147        </receiver>
148
149        <provider
149-->[androidx.emoji2:emoji2:1.2.0] AndroidManifest.xml:24:9-32:20
150            android:name="androidx.startup.InitializationProvider"
150-->[androidx.emoji2:emoji2:1.2.0] AndroidManifest.xml:25:13-67
151            android:authorities="com.apphud.sampleapp.androidx-startup"
151-->[androidx.emoji2:emoji2:1.2.0] AndroidManifest.xml:26:13-68
152            android:exported="false" >
152-->[androidx.emoji2:emoji2:1.2.0] AndroidManifest.xml:27:13-37
153            <meta-data
153-->[androidx.emoji2:emoji2:1.2.0] AndroidManifest.xml:29:13-31:52
154                android:name="androidx.emoji2.text.EmojiCompatInitializer"
154-->[androidx.emoji2:emoji2:1.2.0] AndroidManifest.xml:30:17-75
155                android:value="androidx.startup" />
155-->[androidx.emoji2:emoji2:1.2.0] AndroidManifest.xml:31:17-49
156            <meta-data
156-->[androidx.lifecycle:lifecycle-process:2.7.0] AndroidManifest.xml:29:13-31:52
157                android:name="androidx.lifecycle.ProcessLifecycleInitializer"
157-->[androidx.lifecycle:lifecycle-process:2.7.0] AndroidManifest.xml:30:17-78
158                android:value="androidx.startup" />
158-->[androidx.lifecycle:lifecycle-process:2.7.0] AndroidManifest.xml:31:17-49
159            <meta-data
159-->[androidx.profileinstaller:profileinstaller:1.3.0] AndroidManifest.xml:29:13-31:52
160                android:name="androidx.profileinstaller.ProfileInstallerInitializer"
160-->[androidx.profileinstaller:profileinstaller:1.3.0] AndroidManifest.xml:30:17-85
161                android:value="androidx.startup" />
161-->[androidx.profileinstaller:profileinstaller:1.3.0] AndroidManifest.xml:31:17-49
162        </provider>
163
164        <uses-library
164-->[androidx.window:window:1.0.0] AndroidManifest.xml:25:9-27:40
165            android:name="androidx.window.extensions"
165-->[androidx.window:window:1.0.0] AndroidManifest.xml:26:13-54
166            android:required="false" />
166-->[androidx.window:window:1.0.0] AndroidManifest.xml:27:13-37
167        <uses-library
167-->[androidx.window:window:1.0.0] AndroidManifest.xml:28:9-30:40
168            android:name="androidx.window.sidecar"
168-->[androidx.window:window:1.0.0] AndroidManifest.xml:29:13-51
169            android:required="false" />
169-->[androidx.window:window:1.0.0] AndroidManifest.xml:30:13-37
170
171        <service
171-->[com.google.android.datatransport:transport-backend-cct:3.1.8] AndroidManifest.xml:28:9-34:19
172            android:name="com.google.android.datatransport.runtime.backends.TransportBackendDiscovery"
172-->[com.google.android.datatransport:transport-backend-cct:3.1.8] AndroidManifest.xml:29:13-103
173            android:exported="false" >
173-->[com.google.android.datatransport:transport-backend-cct:3.1.8] AndroidManifest.xml:30:13-37
174            <meta-data
174-->[com.google.android.datatransport:transport-backend-cct:3.1.8] AndroidManifest.xml:31:13-33:39
175                android:name="backend:com.google.android.datatransport.cct.CctBackendFactory"
175-->[com.google.android.datatransport:transport-backend-cct:3.1.8] AndroidManifest.xml:32:17-94
176                android:value="cct" />
176-->[com.google.android.datatransport:transport-backend-cct:3.1.8] AndroidManifest.xml:33:17-36
177        </service>
178        <service
178-->[com.google.android.datatransport:transport-runtime:3.1.8] AndroidManifest.xml:26:9-30:19
179            android:name="com.google.android.datatransport.runtime.scheduling.jobscheduling.JobInfoSchedulerService"
179-->[com.google.android.datatransport:transport-runtime:3.1.8] AndroidManifest.xml:27:13-117
180            android:exported="false"
180-->[com.google.android.datatransport:transport-runtime:3.1.8] AndroidManifest.xml:28:13-37
181            android:permission="android.permission.BIND_JOB_SERVICE" >
181-->[com.google.android.datatransport:transport-runtime:3.1.8] AndroidManifest.xml:29:13-69
182        </service>
183
184        <receiver
184-->[com.google.android.datatransport:transport-runtime:3.1.8] AndroidManifest.xml:32:9-34:40
185            android:name="com.google.android.datatransport.runtime.scheduling.jobscheduling.AlarmManagerSchedulerBroadcastReceiver"
185-->[com.google.android.datatransport:transport-runtime:3.1.8] AndroidManifest.xml:33:13-132
186            android:exported="false" />
186-->[com.google.android.datatransport:transport-runtime:3.1.8] AndroidManifest.xml:34:13-37
187        <receiver
187-->[androidx.profileinstaller:profileinstaller:1.3.0] AndroidManifest.xml:34:9-52:20
188            android:name="androidx.profileinstaller.ProfileInstallReceiver"
188-->[androidx.profileinstaller:profileinstaller:1.3.0] AndroidManifest.xml:35:13-76
189            android:directBootAware="false"
189-->[androidx.profileinstaller:profileinstaller:1.3.0] AndroidManifest.xml:36:13-44
190            android:enabled="true"
190-->[androidx.profileinstaller:profileinstaller:1.3.0] AndroidManifest.xml:37:13-35
191            android:exported="true"
191-->[androidx.profileinstaller:profileinstaller:1.3.0] AndroidManifest.xml:38:13-36
192            android:permission="android.permission.DUMP" >
192-->[androidx.profileinstaller:profileinstaller:1.3.0] AndroidManifest.xml:39:13-57
193            <intent-filter>
193-->[androidx.profileinstaller:profileinstaller:1.3.0] AndroidManifest.xml:40:13-42:29
194                <action android:name="androidx.profileinstaller.action.INSTALL_PROFILE" />
194-->[androidx.profileinstaller:profileinstaller:1.3.0] AndroidManifest.xml:41:17-91
194-->[androidx.profileinstaller:profileinstaller:1.3.0] AndroidManifest.xml:41:25-88
195            </intent-filter>
196            <intent-filter>
196-->[androidx.profileinstaller:profileinstaller:1.3.0] AndroidManifest.xml:43:13-45:29
197                <action android:name="androidx.profileinstaller.action.SKIP_FILE" />
197-->[androidx.profileinstaller:profileinstaller:1.3.0] AndroidManifest.xml:44:17-85
197-->[androidx.profileinstaller:profileinstaller:1.3.0] AndroidManifest.xml:44:25-82
198            </intent-filter>
199            <intent-filter>
199-->[androidx.profileinstaller:profileinstaller:1.3.0] AndroidManifest.xml:46:13-48:29
200                <action android:name="androidx.profileinstaller.action.SAVE_PROFILE" />
200-->[androidx.profileinstaller:profileinstaller:1.3.0] AndroidManifest.xml:47:17-88
200-->[androidx.profileinstaller:profileinstaller:1.3.0] AndroidManifest.xml:47:25-85
201            </intent-filter>
202            <intent-filter>
202-->[androidx.profileinstaller:profileinstaller:1.3.0] AndroidManifest.xml:49:13-51:29
203                <action android:name="androidx.profileinstaller.action.BENCHMARK_OPERATION" />
203-->[androidx.profileinstaller:profileinstaller:1.3.0] AndroidManifest.xml:50:17-95
203-->[androidx.profileinstaller:profileinstaller:1.3.0] AndroidManifest.xml:50:25-92
204            </intent-filter>
205        </receiver>
206    </application>
207
208</manifest>